<?xml version="1.0" encoding="UTF-8"?>
<!-- Generated by org.testng.reporters.JUnitXMLReporter -->
<testsuite ignored="0" hostname="LAPTOP-LSUFQOCB" failures="0" tests="10" name="Surefire test" time="19.547" errors="0" timestamp="2024-04-01T17:21:12 IST">
  <testcase classname="api.test.DDTests" name="testPostUser" time="4.375"/>
  <testcase classname="api.test.DDTests" name="testPostUser" time="1.173"/>
  <testcase classname="api.test.DDTests" name="testPostUser" time="1.103"/>
  <testcase classname="api.test.DDTests" name="testDeleteUserByName" time="1.257"/>
  <testcase classname="api.test.DDTests" name="testDeleteUserByName" time="1.141"/>
  <testcase classname="api.test.DDTests" name="testDeleteUserByName" time="1.162"/>
  <testcase classname="api.test.UserTests" name="testPostUser" time="1.283"/>
  <testcase classname="api.test.UserTests" name="testGetUserByName" time="1.126"/>
  <testcase classname="api.test.UserTests" name="testUpdateUserByName" time="2.352"/>
  <testcase classname="api.test.UserTests" name="testDeleteUserByName" time="1.17"/>
</testsuite> <!-- Surefire test -->
