<?xml version="1.0" encoding="UTF-8"?>
<!-- Generated by org.testng.reporters.JUnitXMLReporter -->
<testsuite ignored="0" hostname="LAPTOP-LSUFQOCB" failures="0" tests="6" name="Default test" time="11.215" errors="0" timestamp="2024-03-31T14:41:04 IST">
  <testcase classname="api.test.DDTests" name="testPostUser" time="3.237"/>
  <testcase classname="api.test.DDTests" name="testPostUser" time="1.339"/>
  <testcase classname="api.test.DDTests" name="testPostUser" time="1.33"/>
  <testcase classname="api.test.DDTests" name="testDeleteUserByName" time="1.252"/>
  <testcase classname="api.test.DDTests" name="testDeleteUserByName" time="1.228"/>
  <testcase classname="api.test.DDTests" name="testDeleteUserByName" time="1.293"/>
</testsuite> <!-- Default test -->
