<?xml version="1.0" encoding="UTF-8"?>
<testng-results ignored="0" total="10" passed="10" failed="0" skipped="0">
  <reporter-output>
  </reporter-output>
  <suite started-at="2024-04-01T17:20:53 IST" name="Surefire suite" finished-at="2024-04-01T17:21:12 IST" duration-ms="19547">
    <groups>
    </groups>
    <test started-at="2024-04-01T17:20:53 IST" name="Surefire test" finished-at="2024-04-01T17:21:12 IST" duration-ms="19547">
      <class name="api.test.UserTests">
        <test-method is-config="true" signature="setup()[pri:0, instance:api.test.UserTests@769e7ee8]" started-at="2024-04-01T17:21:06 IST" name="setup" finished-at="2024-04-01T17:21:06 IST" duration-ms="269" status="PASS">
          <reporter-output>
          </reporter-output>
        </test-method> <!-- setup -->
        <test-method signature="testPostUser()[pri:1, instance:api.test.UserTests@769e7ee8]" started-at="2024-04-01T17:21:06 IST" name="testPostUser" finished-at="2024-04-01T17:21:08 IST" duration-ms="1283" status="PASS">
          <reporter-output>
          </reporter-output>
        </test-method> <!-- testPostUser -->
        <test-method signature="testGetUserByName()[pri:2, instance:api.test.UserTests@769e7ee8]" started-at="2024-04-01T17:21:08 IST" name="testGetUserByName" finished-at="2024-04-01T17:21:09 IST" duration-ms="1126" status="PASS">
          <reporter-output>
          </reporter-output>
        </test-method> <!-- testGetUserByName -->
        <test-method signature="testUpdateUserByName()[pri:3, instance:api.test.UserTests@769e7ee8]" started-at="2024-04-01T17:21:09 IST" name="testUpdateUserByName" finished-at="2024-04-01T17:21:11 IST" duration-ms="2352" status="PASS">
          <reporter-output>
          </reporter-output>
        </test-method> <!-- testUpdateUserByName -->
        <test-method signature="testDeleteUserByName()[pri:4, instance:api.test.UserTests@769e7ee8]" started-at="2024-04-01T17:21:11 IST" name="testDeleteUserByName" finished-at="2024-04-01T17:21:12 IST" duration-ms="1170" status="PASS">
          <reporter-output>
          </reporter-output>
        </test-method> <!-- testDeleteUserByName -->
      </class> <!-- api.test.UserTests -->
      <class name="api.test.DDTests">
        <test-method signature="testPostUser(java.lang.String,java.lang.String,java.lang.String,java.lang.String,java.lang.String,java.lang.String,java.lang.String)[pri:1, instance:api.test.DDTests@7f1302d6]" started-at="2024-04-01T17:20:56 IST" name="testPostUser" data-provider="Data" finished-at="2024-04-01T17:21:00 IST" duration-ms="4375" status="PASS">
          <params>
            <param index="0">
              <value>
                <![CDATA[1010]]>
              </value>
            </param>
            <param index="1">
              <value>
                <![CDATA[testuser1]]>
              </value>
            </param>
            <param index="2">
              <value>
                <![CDATA[Anil]]>
              </value>
            </param>
            <param index="3">
              <value>
                <![CDATA[Pal]]>
              </value>
            </param>
            <param index="4">
              <value>
                <![CDATA[Anil.Pal@gmail.com]]>
              </value>
            </param>
            <param index="5">
              <value>
                <![CDATA[test@1]]>
              </value>
            </param>
            <param index="6">
              <value>
                <![CDATA[258741963]]>
              </value>
            </param>
          </params>
          <reporter-output>
          </reporter-output>
        </test-method> <!-- testPostUser -->
        <test-method signature="testPostUser(java.lang.String,java.lang.String,java.lang.String,java.lang.String,java.lang.String,java.lang.String,java.lang.String)[pri:1, instance:api.test.DDTests@7f1302d6]" started-at="2024-04-01T17:21:00 IST" name="testPostUser" data-provider="Data" finished-at="2024-04-01T17:21:01 IST" duration-ms="1173" status="PASS">
          <params>
            <param index="0">
              <value>
                <![CDATA[1020]]>
              </value>
            </param>
            <param index="1">
              <value>
                <![CDATA[testuser2]]>
              </value>
            </param>
            <param index="2">
              <value>
                <![CDATA[Sunil]]>
              </value>
            </param>
            <param index="3">
              <value>
                <![CDATA[Singh]]>
              </value>
            </param>
            <param index="4">
              <value>
                <![CDATA[Sunil.Singh@Gmail.com]]>
              </value>
            </param>
            <param index="5">
              <value>
                <![CDATA[test@2]]>
              </value>
            </param>
            <param index="6">
              <value>
                <![CDATA[963852741]]>
              </value>
            </param>
          </params>
          <reporter-output>
          </reporter-output>
        </test-method> <!-- testPostUser -->
        <test-method signature="testPostUser(java.lang.String,java.lang.String,java.lang.String,java.lang.String,java.lang.String,java.lang.String,java.lang.String)[pri:1, instance:api.test.DDTests@7f1302d6]" started-at="2024-04-01T17:21:01 IST" name="testPostUser" data-provider="Data" finished-at="2024-04-01T17:21:02 IST" duration-ms="1103" status="PASS">
          <params>
            <param index="0">
              <value>
                <![CDATA[1030]]>
              </value>
            </param>
            <param index="1">
              <value>
                <![CDATA[testuser3]]>
              </value>
            </param>
            <param index="2">
              <value>
                <![CDATA[Vakil]]>
              </value>
            </param>
            <param index="3">
              <value>
                <![CDATA[Court]]>
              </value>
            </param>
            <param index="4">
              <value>
                <![CDATA[Vakil.Court@Yahoo.com]]>
              </value>
            </param>
            <param index="5">
              <value>
                <![CDATA[test@3]]>
              </value>
            </param>
            <param index="6">
              <value>
                <![CDATA[741258963]]>
              </value>
            </param>
          </params>
          <reporter-output>
          </reporter-output>
        </test-method> <!-- testPostUser -->
        <test-method signature="testDeleteUserByName(java.lang.String)[pri:2, instance:api.test.DDTests@7f1302d6]" started-at="2024-04-01T17:21:03 IST" name="testDeleteUserByName" data-provider="UserNames" finished-at="2024-04-01T17:21:04 IST" duration-ms="1257" status="PASS">
          <params>
            <param index="0">
              <value>
                <![CDATA[testuser1]]>
              </value>
            </param>
          </params>
          <reporter-output>
          </reporter-output>
        </test-method> <!-- testDeleteUserByName -->
        <test-method signature="testDeleteUserByName(java.lang.String)[pri:2, instance:api.test.DDTests@7f1302d6]" started-at="2024-04-01T17:21:04 IST" name="testDeleteUserByName" data-provider="UserNames" finished-at="2024-04-01T17:21:05 IST" duration-ms="1141" status="PASS">
          <params>
            <param index="0">
              <value>
                <![CDATA[testuser2]]>
              </value>
            </param>
          </params>
          <reporter-output>
          </reporter-output>
        </test-method> <!-- testDeleteUserByName -->
        <test-method signature="testDeleteUserByName(java.lang.String)[pri:2, instance:api.test.DDTests@7f1302d6]" started-at="2024-04-01T17:21:05 IST" name="testDeleteUserByName" data-provider="UserNames" finished-at="2024-04-01T17:21:06 IST" duration-ms="1162" status="PASS">
          <params>
            <param index="0">
              <value>
                <![CDATA[testuser3]]>
              </value>
            </param>
          </params>
          <reporter-output>
          </reporter-output>
        </test-method> <!-- testDeleteUserByName -->
      </class> <!-- api.test.DDTests -->
    </test> <!-- Surefire test -->
  </suite> <!-- Surefire suite -->
</testng-results>
